<?xml version="1.0" encoding="utf-8"?><testsuites name="pytest tests"><testsuite name="pytest" errors="0" failures="0" skipped="0" tests="11" time="5.470" timestamp="2026-03-11T22:07:17.397110+00:00" hostname="agent-env-6f5a4085-14cc-441f-adac-f32649b3965d"><testcase classname="backend.tests.test_iteration8_features.TestQRCodeEndpoint" name="test_qr_code_valid_event" time="0.250" /><testcase classname="backend.tests.test_iteration8_features.TestQRCodeEndpoint" name="test_qr_code_invalid_event" time="0.163" /><testcase classname="backend.tests.test_iteration8_features.TestQRCodeEndpoint" name="test_countdown_endpoint_returns_event_code" time="0.147" /><testcase classname="backend.tests.test_iteration8_features.TestPromoCodeValidation" name="test_promo_love2026_returns_correct_discount" time="0.470" /><testcase classname="backend.tests.test_iteration8_features.TestPromoCodeValidation" name="test_promo_wedding_returns_correct_discount" time="0.462" /><testcase classname="backend.tests.test_iteration8_features.TestPromoCodeValidation" name="test_promo_freeaisle_returns_100_percent" time="0.461" /><testcase classname="backend.tests.test_iteration8_features.TestPromoCodeValidation" name="test_promo_invalid_returns_404" time="0.483" /><testcase classname="backend.tests.test_iteration8_features.TestFreePromoCheckout" name="test_checkout_with_freeaisle_returns_paid_free" time="0.517" /><testcase classname="backend.tests.test_iteration8_features.TestPhotoUpload" name="test_photo_upload_returns_url_and_file_id" time="0.858" /><testcase classname="backend.tests.test_iteration8_features.TestPhotoUpload" name="test_photo_serve_returns_image" time="1.107" /><testcase classname="backend.tests.test_iteration8_features.TestNotifications" name="test_get_notifications_returns_array" time="0.490" /></testsuite></testsuites>