<?xml version="1.0" encoding="utf-8"?><testsuites name="pytest tests"><testsuite name="pytest" errors="0" failures="0" skipped="0" tests="19" time="9.955" timestamp="2026-03-11T21:23:59.874586+00:00" hostname="agent-env-6f5a4085-14cc-441f-adac-f32649b3965d"><testcase classname="backend.tests.test_api.TestAPIHealth" name="test_api_root" time="0.315" /><testcase classname="backend.tests.test_api.TestAuth" name="test_login_guest_success" time="0.351" /><testcase classname="backend.tests.test_api.TestAuth" name="test_login_host_success" time="0.417" /><testcase classname="backend.tests.test_api.TestAuth" name="test_login_invalid_credentials" time="0.146" /><testcase classname="backend.tests.test_api.TestAuth" name="test_auth_me_with_token" time="0.510" /><testcase classname="backend.tests.test_api.TestAIEndpoints" name="test_ai_conversation_starters" time="0.759" /><testcase classname="backend.tests.test_api.TestAIEndpoints" name="test_ai_compatibility" time="0.588" /><testcase classname="backend.tests.test_api.TestAIEndpoints" name="test_ai_starters_invalid_match" time="0.501" /><testcase classname="backend.tests.test_api.TestPaymentEndpoints" name="test_payment_check_endpoint" time="0.495" /><testcase classname="backend.tests.test_api.TestPaymentEndpoints" name="test_payment_checkout_endpoint" time="1.142" /><testcase classname="backend.tests.test_api.TestPaymentEndpoints" name="test_payment_checkout_guest_forbidden" time="0.600" /><testcase classname="backend.tests.test_api.TestEventEndpoints" name="test_get_current_event" time="0.515" /><testcase classname="backend.tests.test_api.TestMatchesEndpoints" name="test_get_matches" time="0.517" /><testcase classname="backend.tests.test_api.TestChatEndpoints" name="test_get_chat_messages" time="0.507" /><testcase classname="backend.tests.test_api.TestWeddingDayMode" name="test_wedding_day_mode_endpoint" time="0.483" /><testcase classname="backend.tests.test_api.TestWeddingDayMode" name="test_live_stats_endpoint" time="0.525" /><testcase classname="backend.tests.test_api.TestWeddingDayMode" name="test_bouquet_toss_alice_already_used" time="0.500" /><testcase classname="backend.tests.test_api.TestWeddingDayMode" name="test_bouquet_toss_marcus_first_use" time="0.493" /><testcase classname="backend.tests.test_api.TestWeddingDayMode" name="test_bouquet_toss_marcus_second_use_fails" time="0.497" /></testsuite></testsuites>