<?xml version="1.0" encoding="utf-8"?><testsuites name="pytest tests"><testsuite name="pytest" errors="0" failures="0" skipped="1" tests="37" time="26.101" timestamp="2026-03-11T21:57:53.922781+00:00" hostname="agent-env-6f5a4085-14cc-441f-adac-f32649b3965d"><testcase classname="backend.tests.test_new_features.TestPhotoUpload" name="test_photo_upload_success" time="0.807" /><testcase classname="backend.tests.test_new_features.TestPhotoUpload" name="test_photo_serve_existing_file" time="0.283" /><testcase classname="backend.tests.test_new_features.TestPhotoUpload" name="test_photo_serve_invalid_file_id" time="0.116" /><testcase classname="backend.tests.test_new_features.TestPhotoUpload" name="test_photo_upload_non_image_rejected" time="0.453" /><testcase classname="backend.tests.test_new_features.TestPromoCodes" name="test_promo_love2026_50_percent" time="0.457" /><testcase classname="backend.tests.test_new_features.TestPromoCodes" name="test_promo_wedding_25_percent" time="0.473" /><testcase classname="backend.tests.test_new_features.TestPromoCodes" name="test_promo_freeaisle_100_percent" time="0.437" /><testcase classname="backend.tests.test_new_features.TestPromoCodes" name="test_promo_invalid_code_404" time="0.487" /><testcase classname="backend.tests.test_new_features.TestPromoCodes" name="test_promo_case_insensitive" time="0.465" /><testcase classname="backend.tests.test_new_features.TestPromoCodes" name="test_payment_checkout_with_freeaisle_promo" time="0.476" /><testcase classname="backend.tests.test_new_features.TestNotifications" name="test_get_notifications" time="0.455" /><testcase classname="backend.tests.test_new_features.TestNotifications" name="test_mark_notifications_read" time="0.727" /><testcase classname="backend.tests.test_new_features.TestNotifications" name="test_notifications_requires_auth" time="0.119" /><testcase classname="backend.tests.test_api.TestAPIHealth" name="test_api_root" time="0.113" /><testcase classname="backend.tests.test_api.TestAuth" name="test_login_guest_success" time="0.364" /><testcase classname="backend.tests.test_api.TestAuth" name="test_login_host_success" time="0.382" /><testcase classname="backend.tests.test_api.TestAuth" name="test_login_invalid_credentials" time="0.111" /><testcase classname="backend.tests.test_api.TestAuth" name="test_auth_me_with_token" time="0.463" /><testcase classname="backend.tests.test_api.TestAIEndpoints" name="test_ai_conversation_starters" time="5.567" /><testcase classname="backend.tests.test_api.TestAIEndpoints" name="test_ai_compatibility" time="5.984" /><testcase classname="backend.tests.test_api.TestAIEndpoints" name="test_ai_starters_invalid_match" time="0.482" /><testcase classname="backend.tests.test_api.TestPaymentEndpoints" name="test_payment_check_endpoint" time="0.440" /><testcase classname="backend.tests.test_api.TestPaymentEndpoints" name="test_payment_checkout_endpoint" time="0.500" /><testcase classname="backend.tests.test_api.TestPaymentEndpoints" name="test_payment_checkout_guest_forbidden" time="0.457" /><testcase classname="backend.tests.test_api.TestEventEndpoints" name="test_get_current_event" time="0.467" /><testcase classname="backend.tests.test_api.TestMatchesEndpoints" name="test_get_matches" time="0.491" /><testcase classname="backend.tests.test_api.TestChatEndpoints" name="test_get_chat_messages" time="0.449" /><testcase classname="backend.tests.test_api.TestChatEndpoints" name="test_send_message_success" time="0.612" /><testcase classname="backend.tests.test_api.TestChatEndpoints" name="test_send_message_unauthorized_match" time="0.497" /><testcase classname="backend.tests.test_api.TestCountdownEndpoint" name="test_countdown_valid_event_code" time="0.136" /><testcase classname="backend.tests.test_api.TestCountdownEndpoint" name="test_countdown_invalid_event_code" time="0.159" /><testcase classname="backend.tests.test_api.TestCountdownEndpoint" name="test_countdown_lowercase_event_code" time="0.161" /><testcase classname="backend.tests.test_api.TestWeddingDayMode" name="test_wedding_day_mode_endpoint" time="0.496" /><testcase classname="backend.tests.test_api.TestWeddingDayMode" name="test_live_stats_endpoint" time="0.451" /><testcase classname="backend.tests.test_api.TestWeddingDayMode" name="test_bouquet_toss_alice_already_used" time="0.500" /><testcase classname="backend.tests.test_api.TestWeddingDayMode" name="test_bouquet_toss_marcus_first_use" time="0.509"><skipped type="pytest.skip" message="Marcus already used bouquet toss">/app/backend/tests/test_api.py:525: Marcus already used bouquet toss</skipped></testcase><testcase classname="backend.tests.test_api.TestWeddingDayMode" name="test_bouquet_toss_marcus_second_use_fails" time="0.490" /></testsuite></testsuites>