<?xml version="1.0" encoding="utf-8"?><testsuites name="pytest tests"><testsuite name="pytest" errors="0" failures="0" skipped="0" tests="14" time="7.472" timestamp="2026-03-11T21:03:09.560870+00:00" hostname="agent-env-6f5a4085-14cc-441f-adac-f32649b3965d"><testcase classname="backend.tests.test_api.TestAPIHealth" name="test_api_root" time="0.363" /><testcase classname="backend.tests.test_api.TestAuth" name="test_login_guest_success" time="0.475" /><testcase classname="backend.tests.test_api.TestAuth" name="test_login_host_success" time="0.357" /><testcase classname="backend.tests.test_api.TestAuth" name="test_login_invalid_credentials" time="0.161" /><testcase classname="backend.tests.test_api.TestAuth" name="test_auth_me_with_token" time="0.507" /><testcase classname="backend.tests.test_api.TestAIEndpoints" name="test_ai_conversation_starters" time="0.658" /><testcase classname="backend.tests.test_api.TestAIEndpoints" name="test_ai_compatibility" time="0.537" /><testcase classname="backend.tests.test_api.TestAIEndpoints" name="test_ai_starters_invalid_match" time="0.563" /><testcase classname="backend.tests.test_api.TestPaymentEndpoints" name="test_payment_check_endpoint" time="0.479" /><testcase classname="backend.tests.test_api.TestPaymentEndpoints" name="test_payment_checkout_endpoint" time="1.287" /><testcase classname="backend.tests.test_api.TestPaymentEndpoints" name="test_payment_checkout_guest_forbidden" time="0.516" /><testcase classname="backend.tests.test_api.TestEventEndpoints" name="test_get_current_event" time="0.579" /><testcase classname="backend.tests.test_api.TestMatchesEndpoints" name="test_get_matches" time="0.459" /><testcase classname="backend.tests.test_api.TestChatEndpoints" name="test_get_chat_messages" time="0.459" /></testsuite></testsuites>